This is pdfTeX, Version 3.141592653-2.6-1.40.24 (TeX Live 2022) (preloaded format=pdflatex 2022.9.1)  2 SEP 2022 16:07
entering extended mode
 restricted \write18 enabled.
 %&-line parsing enabled.
**phuta_ms.tex
(./phuta_ms.tex
LaTeX2e <2022-06-01> patch level 5
L3 programming layer <2022-08-30> (/Users/cristianroman/Library/TinyTeX/texmf-dist/tex/latex/base/article.cls
Document Class: article 2021/10/04 v1.4n Standard LaTeX document class
(/Users/cristianroman/Library/TinyTeX/texmf-dist/tex/latex/base/size11.clo
File: size11.clo 2021/10/04 v1.4n Standard LaTeX file (size option)
)
\c@part=\count185
\c@section=\count186
\c@subsection=\count187
\c@subsubsection=\count188
\c@paragraph=\count189
\c@subparagraph=\count190
\c@figure=\count191
\c@table=\count192
\abovecaptionskip=\skip47
\belowcaptionskip=\skip48
\bibindent=\dimen138
) (/Users/cristianroman/Library/TinyTeX/texmf-dist/tex/latex/geometry/geometry.sty
Package: geometry 2020/01/02 v5.9 Page Geometry
(/Users/cristianroman/Library/TinyTeX/texmf-dist/tex/latex/graphics/keyval.sty
Package: keyval 2022/05/29 v1.15 key=value parser (DPC)
\KV@toks@=\toks16
) (/Users/cristianroman/Library/TinyTeX/texmf-dist/tex/generic/iftex/ifvtex.sty
Package: ifvtex 2019/10/25 v1.7 ifvtex legacy package. Use iftex instead.
(/Users/cristianroman/Library/TinyTeX/texmf-dist/tex/generic/iftex/iftex.sty
Package: iftex 2022/02/03 v1.0f TeX engine tests
))
\Gm@cnth=\count193
\Gm@cntv=\count194
\c@Gm@tempcnt=\count195
\Gm@bindingoffset=\dimen139
\Gm@wd@mp=\dimen140
\Gm@odd@mp=\dimen141
\Gm@even@mp=\dimen142
\Gm@layoutwidth=\dimen143
\Gm@layoutheight=\dimen144
\Gm@layouthoffset=\dimen145
\Gm@layoutvoffset=\dimen146
\Gm@dimlist=\toks17
) (/Users/cristianroman/Library/TinyTeX/texmf-dist/tex/latex/psnfss/mathpazo.sty
Package: mathpazo 2020/03/25 PSNFSS-v9.3 Palatino w/ Pazo Math (D.Puga, WaS) 
\symupright=\mathgroup4
) (/Users/cristianroman/Library/TinyTeX/texmf-dist/tex/latex/base/fontenc.sty
Package: fontenc 2021/04/29 v2.0v Standard LaTeX package
LaTeX Font Info:    Trying to load font information for T1+ppl on input line 112.
(/Users/cristianroman/Library/TinyTeX/texmf-dist/tex/latex/psnfss/t1ppl.fd
File: t1ppl.fd 2001/06/04 font definitions for T1/ppl.
)) (/Users/cristianroman/Library/TinyTeX/texmf-dist/tex/latex/base/inputenc.sty
Package: inputenc 2021/02/14 v1.3d Input encoding file
\inpenc@prehook=\toks18
\inpenc@posthook=\toks19
) (/Users/cristianroman/Library/TinyTeX/texmf-dist/tex/latex/abstract/abstract.sty
Package: abstract 2009/06/08 v1.2a configurable abstracts
\abstitleskip=\skip49
\absleftindent=\skip50
\absrightindent=\skip51
\absparindent=\skip52
\absparsep=\skip53
) (/Users/cristianroman/Library/TinyTeX/texmf-dist/tex/latex/graphics/color.sty
Package: color 2022/01/06 v1.3d Standard LaTeX Color (DPC)
(/Users/cristianroman/Library/TinyTeX/texmf-dist/tex/latex/graphics-cfg/color.cfg
File: color.cfg 2016/01/02 v1.6 sample color configuration
)
Package color Info: Driver file: pdftex.def on input line 149.
(/Users/cristianroman/Library/TinyTeX/texmf-dist/tex/latex/graphics-def/pdftex.def
File: pdftex.def 2020/10/05 v1.2a Graphics/color driver for pdftex
) (/Users/cristianroman/Library/TinyTeX/texmf-dist/tex/latex/graphics/mathcolor.ltx)) (/Users/cristianroman/Library/TinyTeX/texmf-dist/tex/latex/fancyvrb/fancyvrb.sty
Package: fancyvrb 2022/06/06 4.5 verbatim text (tvz,hv)
\FV@CodeLineNo=\count196
\FV@InFile=\read2
\FV@TabBox=\box51
\c@FancyVerbLine=\count197
\FV@StepNumber=\count198
\FV@OutFile=\write3
) (/Users/cristianroman/Library/TinyTeX/texmf-dist/tex/latex/framed/framed.sty
Package: framed 2011/10/22 v 0.96: framed or shaded text with page breaks
\OuterFrameSep=\skip54
\fb@frw=\dimen147
\fb@frh=\dimen148
\FrameRule=\dimen149
\FrameSep=\dimen150
) (/Users/cristianroman/Library/TinyTeX/texmf-dist/tex/latex/graphics/graphicx.sty
Package: graphicx 2021/09/16 v1.2d Enhanced LaTeX Graphics (DPC,SPQR)
(/Users/cristianroman/Library/TinyTeX/texmf-dist/tex/latex/graphics/graphics.sty
Package: graphics 2022/03/10 v1.4e Standard LaTeX Graphics (DPC,SPQR)
(/Users/cristianroman/Library/TinyTeX/texmf-dist/tex/latex/graphics/trig.sty
Package: trig 2021/08/11 v1.11 sin cos tan (DPC)
) (/Users/cristianroman/Library/TinyTeX/texmf-dist/tex/latex/graphics-cfg/graphics.cfg
File: graphics.cfg 2016/06/04 v1.11 sample graphics configuration
)
Package graphics Info: Driver file: pdftex.def on input line 107.
)
\Gin@req@height=\dimen151
\Gin@req@width=\dimen152
) (/Users/cristianroman/Library/TinyTeX/texmf-dist/tex/latex/grffile/grffile.sty
Package: grffile 2019/11/11 v2.1 Extended file name support for graphics (legacy)
Package grffile Info: This package is an empty stub for compatibility on input line 40.
) (/Users/cristianroman/Library/TinyTeX/texmf-dist/tex/latex/titlesec/titlesec.sty
Package: titlesec 2021/07/05 v2.14 Sectioning titles
\ttl@box=\box52
\beforetitleunit=\skip55
\aftertitleunit=\skip56
\ttl@plus=\dimen153
\ttl@minus=\dimen154
\ttl@toksa=\toks20
\titlewidth=\dimen155
\titlewidthlast=\dimen156
\titlewidthfirst=\dimen157
)
\c@hypothesis=\count199
(/Users/cristianroman/Library/TinyTeX/texmf-dist/tex/latex/setspace/setspace.sty
Package: setspace 2011/12/19 v6.7a set line spacing
) (/Users/cristianroman/Library/TinyTeX/texmf-dist/tex/latex/booktabs/booktabs.sty
Package: booktabs 2020/01/12 v1.61803398 Publication quality tables
\heavyrulewidth=\dimen158
\lightrulewidth=\dimen159
\cmidrulewidth=\dimen160
\belowrulesep=\dimen161
\belowbottomsep=\dimen162
\aboverulesep=\dimen163
\abovetopsep=\dimen164
\cmidrulesep=\dimen165
\cmidrulekern=\dimen166
\defaultaddspace=\dimen167
\@cmidla=\count266
\@cmidlb=\count267
\@aboverulesep=\dimen168
\@belowrulesep=\dimen169
\@thisruleclass=\count268
\@lastruleclass=\count269
\@thisrulewidth=\dimen170
) (/Users/cristianroman/Library/TinyTeX/texmf-dist/tex/latex/tools/longtable.sty
Package: longtable 2021-09-01 v4.17 Multi-page Table package (DPC)
\LTleft=\skip57
\LTright=\skip58
\LTpre=\skip59
\LTpost=\skip60
\LTchunksize=\count270
\LTcapwidth=\dimen171
\LT@head=\box53
\LT@firsthead=\box54
\LT@foot=\box55
\LT@lastfoot=\box56
\LT@gbox=\box57
\LT@cols=\count271
\LT@rows=\count272
\c@LT@tables=\count273
\c@LT@chunks=\count274
\LT@p@ftn=\toks21
) (/Users/cristianroman/Library/TinyTeX/texmf-dist/tex/latex/tools/array.sty
Package: array 2022/03/10 v2.5f Tabular extension package (FMi)
\col@sep=\dimen172
\ar@mcellbox=\box58
\extrarowheight=\dimen173
\NC@list=\toks22
\extratabsurround=\skip61
\backup@length=\skip62
\ar@cellbox=\box59
) (/Users/cristianroman/Library/TinyTeX/texmf-dist/tex/latex/multirow/multirow.sty
Package: multirow 2021/03/15 v2.8 Span multiple rows of a table
\multirow@colwidth=\skip63
\multirow@cntb=\count275
\multirow@dima=\skip64
\bigstrutjot=\dimen174
) (/Users/cristianroman/Library/TinyTeX/texmf-dist/tex/latex/wrapfig/wrapfig.sty
\wrapoverhang=\dimen175
\WF@size=\dimen176
\c@WF@wrappedlines=\count276
\WF@box=\box60
\WF@everypar=\toks23
Package: wrapfig 2003/01/31  v 3.6
) (/Users/cristianroman/Library/TinyTeX/texmf-dist/tex/latex/float/float.sty
Package: float 2001/11/08 v1.3d Float enhancements (AL)
\c@float@type=\count277
\float@exts=\toks24
\float@box=\box61
\@float@everytoks=\toks25
\@floatcapt=\box62
) (/Users/cristianroman/Library/TinyTeX/texmf-dist/tex/latex/colortbl/colortbl.sty
Package: colortbl 2022/06/20 v1.0f Color table columns (DPC)
\everycr=\toks26
\minrowclearance=\skip65
\rownum=\count278
) (/Users/cristianroman/Library/TinyTeX/texmf-dist/tex/latex/pdflscape/pdflscape.sty
Package: pdflscape 2019/12/05 v0.12 Display of landscape pages in PDF (HO)
(/Users/cristianroman/Library/TinyTeX/texmf-dist/tex/latex/graphics/lscape.sty
Package: lscape 2020/05/28 v3.02 Landscape Pages (DPC)
)
Package pdflscape Info: Auto-detected driver: pdftex on input line 81.
) (/Users/cristianroman/Library/TinyTeX/texmf-dist/tex/latex/tabu/tabu.sty
Package: tabu 2019/01/11 v2.9 - flexible LaTeX tabulars (FC+tabu-fixed)
(/Users/cristianroman/Library/TinyTeX/texmf-dist/tex/latex/varwidth/varwidth.sty
Package: varwidth 2009/03/30 ver 0.92;  Variable-width minipages
\@vwid@box=\box63
\sift@deathcycles=\count279
\@vwid@loff=\dimen177
\@vwid@roff=\dimen178
)
\c@taburow=\count280
\tabu@nbcols=\count281
\tabu@cnt=\count282
\tabu@Xcol=\count283
\tabu@alloc=\count284
\tabu@nested=\count285
\tabu@target=\dimen179
\tabu@spreadtarget=\dimen180
\tabu@naturalX=\dimen181
\tabucolX=\dimen182
\tabu@Xsum=\dimen183
\extrarowdepth=\dimen184
\abovetabulinesep=\dimen185
\belowtabulinesep=\dimen186
\tabustrutrule=\dimen187
\tabu@thebody=\toks27
\tabu@footnotes=\toks28
\tabu@box=\box64
\tabu@arstrutbox=\box65
\tabu@hleads=\box66
\tabu@vleads=\box67
\tabu@cellskip=\skip66
) (/Users/cristianroman/Library/TinyTeX/texmf-dist/tex/latex/threeparttable/threeparttable.sty
Package: threeparttable 2003/06/13  v 3.0
\@tempboxb=\box68
) (/Users/cristianroman/Library/TinyTeX/texmf-dist/tex/latex/threeparttablex/threeparttablex.sty
Package: threeparttablex 2013/07/23 v0.3 by daleif
(/Users/cristianroman/Library/TinyTeX/texmf-dist/tex/latex/environ/environ.sty
Package: environ 2014/05/04 v0.3 A new way to define environments
(/Users/cristianroman/Library/TinyTeX/texmf-dist/tex/latex/trimspaces/trimspaces.sty
Package: trimspaces 2009/09/17 v1.1 Trim spaces around a token list
)
\@envbody=\toks29
)
\TPTL@width=\skip67
) (/Users/cristianroman/Library/TinyTeX/texmf-dist/tex/generic/ulem/ulem.sty
\UL@box=\box69
\UL@hyphenbox=\box70
\UL@skip=\skip68
\UL@hook=\toks30
\UL@height=\dimen188
\UL@pe=\count286
\UL@pixel=\dimen189
\ULC@box=\box71
Package: ulem 2019/11/18
\ULdepth=\dimen190
) (/Users/cristianroman/Library/TinyTeX/texmf-dist/tex/latex/makecell/makecell.sty
Package: makecell 2009/08/03 V0.1e Managing of Tab Column Heads and Cells
\rotheadsize=\dimen191
\c@nlinenum=\count287
\TeXr@lab=\toks31
) (/Users/cristianroman/Library/TinyTeX/texmf-dist/tex/latex/xcolor/xcolor.sty
Package: xcolor 2022/06/12 v2.14 LaTeX color extensions (UK)
(/Users/cristianroman/Library/TinyTeX/texmf-dist/tex/latex/graphics-cfg/color.cfg
File: color.cfg 2016/01/02 v1.6 sample color configuration
)
Package xcolor Info: Driver file: pdftex.def on input line 227.
LaTeX Info: Redefining \color on input line 711.
(/Users/cristianroman/Library/TinyTeX/texmf-dist/tex/latex/graphics/mathcolor.ltx)
Package xcolor Info: Model `cmy' substituted by `cmy0' on input line 1353.
Package xcolor Info: Model `hsb' substituted by `rgb' on input line 1357.
Package xcolor Info: Model `RGB' extended on input line 1369.
Package xcolor Info: Model `HTML' substituted by `rgb' on input line 1371.
Package xcolor Info: Model `Hsb' substituted by `hsb' on input line 1372.
Package xcolor Info: Model `tHsb' substituted by `hsb' on input line 1373.
Package xcolor Info: Model `HSB' substituted by `hsb' on input line 1374.
Package xcolor Info: Model `Gray' substituted by `gray' on input line 1375.
Package xcolor Info: Model `wave' substituted by `hsb' on input line 1376.
) (/Users/cristianroman/Library/TinyTeX/texmf-dist/tex/latex/hyperref/hyperref.sty
Package: hyperref 2022-06-20 v7.00s Hypertext links for LaTeX
(/Users/cristianroman/Library/TinyTeX/texmf-dist/tex/generic/ltxcmds/ltxcmds.sty
Package: ltxcmds 2020-05-10 v1.25 LaTeX kernel commands for general use (HO)
) (/Users/cristianroman/Library/TinyTeX/texmf-dist/tex/generic/pdftexcmds/pdftexcmds.sty
Package: pdftexcmds 2020-06-27 v0.33 Utility functions of pdfTeX for LuaTeX (HO)
(/Users/cristianroman/Library/TinyTeX/texmf-dist/tex/generic/infwarerr/infwarerr.sty
Package: infwarerr 2019/12/03 v1.5 Providing info/warning/error messages (HO)
)
Package pdftexcmds Info: \pdf@primitive is available.
Package pdftexcmds Info: \pdf@ifprimitive is available.
Package pdftexcmds Info: \pdfdraftmode found.
) (/Users/cristianroman/Library/TinyTeX/texmf-dist/tex/generic/kvsetkeys/kvsetkeys.sty
Package: kvsetkeys 2019/12/15 v1.18 Key value parser (HO)
) (/Users/cristianroman/Library/TinyTeX/texmf-dist/tex/generic/kvdefinekeys/kvdefinekeys.sty
Package: kvdefinekeys 2019-12-19 v1.6 Define keys (HO)
) (/Users/cristianroman/Library/TinyTeX/texmf-dist/tex/generic/pdfescape/pdfescape.sty
Package: pdfescape 2019/12/09 v1.15 Implements pdfTeX's escape features (HO)
) (/Users/cristianroman/Library/TinyTeX/texmf-dist/tex/latex/hycolor/hycolor.sty
Package: hycolor 2020-01-27 v1.10 Color options for hyperref/bookmark (HO)
) (/Users/cristianroman/Library/TinyTeX/texmf-dist/tex/latex/letltxmacro/letltxmacro.sty
Package: letltxmacro 2019/12/03 v1.6 Let assignment for LaTeX macros (HO)
) (/Users/cristianroman/Library/TinyTeX/texmf-dist/tex/latex/auxhook/auxhook.sty
Package: auxhook 2019-12-17 v1.6 Hooks for auxiliary files (HO)
) (/Users/cristianroman/Library/TinyTeX/texmf-dist/tex/latex/hyperref/nameref.sty
Package: nameref 2022-05-17 v2.50 Cross-referencing by name of section
(/Users/cristianroman/Library/TinyTeX/texmf-dist/tex/latex/refcount/refcount.sty
Package: refcount 2019/12/15 v3.6 Data extraction from label references (HO)
) (/Users/cristianroman/Library/TinyTeX/texmf-dist/tex/generic/gettitlestring/gettitlestring.sty
Package: gettitlestring 2019/12/15 v1.6 Cleanup title references (HO)
(/Users/cristianroman/Library/TinyTeX/texmf-dist/tex/latex/kvoptions/kvoptions.sty
Package: kvoptions 2022-06-15 v3.15 Key value format for package options (HO)
))
\c@section@level=\count288
)
\@linkdim=\dimen192
\Hy@linkcounter=\count289
\Hy@pagecounter=\count290
(/Users/cristianroman/Library/TinyTeX/texmf-dist/tex/latex/hyperref/pd1enc.def
File: pd1enc.def 2022-06-20 v7.00s Hyperref: PDFDocEncoding definition (HO)
Now handling font encoding PD1 ...
... no UTF-8 mapping file for font encoding PD1
) (/Users/cristianroman/Library/TinyTeX/texmf-dist/tex/generic/intcalc/intcalc.sty
Package: intcalc 2019/12/15 v1.3 Expandable calculations with integers (HO)
) (/Users/cristianroman/Library/TinyTeX/texmf-dist/tex/generic/etexcmds/etexcmds.sty
Package: etexcmds 2019/12/15 v1.7 Avoid name clashes with e-TeX commands (HO)
)
\Hy@SavedSpaceFactor=\count291
(/Users/cristianroman/Library/TinyTeX/texmf-dist/tex/latex/hyperref/puenc.def
File: puenc.def 2022-06-20 v7.00s Hyperref: PDF Unicode definition (HO)
Now handling font encoding PU ...
... no UTF-8 mapping file for font encoding PU
)
Package hyperref Info: Option `draft' set `true' on input line 4045.
Package hyperref Info: Option `unicode' set `true' on input line 4045.
Package hyperref Info: Hyper figures OFF on input line 4162.
Package hyperref Info: Link nesting OFF on input line 4167.
Package hyperref Info: Hyper index ON on input line 4170.
Package hyperref Info: Plain pages OFF on input line 4177.
Package hyperref Info: Backreferencing OFF on input line 4182.
Package hyperref Info: Implicit mode ON; LaTeX internals redefined.
Package hyperref Info: Bookmarks ON on input line 4408.
\c@Hy@tempcnt=\count292
(/Users/cristianroman/Library/TinyTeX/texmf-dist/tex/latex/url/url.sty
\Urlmuskip=\muskip16
Package: url 2013/09/16  ver 3.4  Verb mode for urls, etc.
)
LaTeX Info: Redefining \url on input line 4746.
\XeTeXLinkMargin=\dimen193
(/Users/cristianroman/Library/TinyTeX/texmf-dist/tex/generic/bitset/bitset.sty
Package: bitset 2019/12/09 v1.3 Handle bit-vector datatype (HO)
(/Users/cristianroman/Library/TinyTeX/texmf-dist/tex/generic/bigintcalc/bigintcalc.sty
Package: bigintcalc 2019/12/15 v1.5 Expandable calculations on big integers (HO)
))
\Fld@menulength=\count293
\Field@Width=\dimen194
\Fld@charsize=\dimen195
Package hyperref Info: Hyper figures OFF on input line 6024.
Package hyperref Info: Link nesting OFF on input line 6029.
Package hyperref Info: Hyper index ON on input line 6032.
Package hyperref Info: backreferencing OFF on input line 6039.
Package hyperref Info: Link coloring OFF on input line 6044.
Package hyperref Info: Link coloring with OCG OFF on input line 6049.
Package hyperref Info: PDF/A mode OFF on input line 6054.
(/Users/cristianroman/Library/TinyTeX/texmf-dist/tex/latex/base/atbegshi-ltx.sty
Package: atbegshi-ltx 2021/01/10 v1.0c Emulation of the original atbegshi
package with kernel methods
)
\Hy@abspage=\count294
\c@Item=\count295
\c@Hfootnote=\count296
)
Package hyperref Info: Driver (autodetected): hpdftex.
(/Users/cristianroman/Library/TinyTeX/texmf-dist/tex/latex/hyperref/hpdftex.def
File: hpdftex.def 2022-06-20 v7.00s Hyperref driver for pdfTeX
(/Users/cristianroman/Library/TinyTeX/texmf-dist/tex/latex/base/atveryend-ltx.sty
Package: atveryend-ltx 2020/08/19 v1.0a Emulation of the original atveryend package
with kernel methods
)
\Fld@listcount=\count297
\c@bookmark@seq@number=\count298
(/Users/cristianroman/Library/TinyTeX/texmf-dist/tex/latex/rerunfilecheck/rerunfilecheck.sty
Package: rerunfilecheck 2022-07-10 v1.10 Rerun checks for auxiliary files (HO)
(/Users/cristianroman/Library/TinyTeX/texmf-dist/tex/generic/uniquecounter/uniquecounter.sty
Package: uniquecounter 2019/12/15 v1.4 Provide unlimited unique counter (HO)
)
Package uniquecounter Info: New unique counter `rerunfilecheck' on input line 285.
)
\Hy@SectionHShift=\skip69
)
Package hyperref Info: Option `breaklinks' set `true' on input line 180.

Package hyperref Warning: Option `bookmarks' has already been used,
(hyperref)                setting the option has no effect on input line 180.

Package hyperref Info: Option `colorlinks' set `true' on input line 180.
(/Users/cristianroman/Library/TinyTeX/texmf-dist/tex/latex/placeins/placeins.sty
Package: placeins 2005/04/18  v 2.2
) (/Users/cristianroman/Library/TinyTeX/texmf-dist/tex/latex/amsfonts/amssymb.sty
Package: amssymb 2013/01/14 v3.01 AMS font symbols
(/Users/cristianroman/Library/TinyTeX/texmf-dist/tex/latex/amsfonts/amsfonts.sty
Package: amsfonts 2013/01/14 v3.01 Basic AMSFonts support
\@emptytoks=\toks32
\symAMSa=\mathgroup5
\symAMSb=\mathgroup6
LaTeX Font Info:    Redeclaring math symbol \hbar on input line 98.
LaTeX Font Info:    Overwriting math alphabet `\mathfrak' in version `bold'
(Font)                  U/euf/m/n --> U/euf/b/n on input line 106.
)) (/Users/cristianroman/Library/TinyTeX/texmf-dist/tex/latex/amsmath/amsmath.sty
Package: amsmath 2022/04/08 v2.17n AMS math features
\@mathmargin=\skip70
For additional information on amsmath, use the `?' option.
(/Users/cristianroman/Library/TinyTeX/texmf-dist/tex/latex/amsmath/amstext.sty
Package: amstext 2021/08/26 v2.01 AMS text
(/Users/cristianroman/Library/TinyTeX/texmf-dist/tex/latex/amsmath/amsgen.sty
File: amsgen.sty 1999/11/30 v2.0 generic functions
\@emptytoks=\toks33
\ex@=\dimen196
)) (/Users/cristianroman/Library/TinyTeX/texmf-dist/tex/latex/amsmath/amsbsy.sty
Package: amsbsy 1999/11/29 v1.2d Bold Symbols
\pmbraise@=\dimen197
) (/Users/cristianroman/Library/TinyTeX/texmf-dist/tex/latex/amsmath/amsopn.sty
Package: amsopn 2022/04/08 v2.04 operator names
)
\inf@bad=\count299
LaTeX Info: Redefining \frac on input line 234.
\uproot@=\count300
\leftroot@=\count301
LaTeX Info: Redefining \overline on input line 399.
LaTeX Info: Redefining \colon on input line 410.
\classnum@=\count302
\DOTSCASE@=\count303
LaTeX Info: Redefining \ldots on input line 496.
LaTeX Info: Redefining \dots on input line 499.
LaTeX Info: Redefining \cdots on input line 620.
\Mathstrutbox@=\box72
\strutbox@=\box73
LaTeX Info: Redefining \big on input line 722.
LaTeX Info: Redefining \Big on input line 723.
LaTeX Info: Redefining \bigg on input line 724.
LaTeX Info: Redefining \Bigg on input line 725.
\big@size=\dimen198
LaTeX Font Info:    Redeclaring font encoding OML on input line 743.
LaTeX Font Info:    Redeclaring font encoding OMS on input line 744.
\macc@depth=\count304
LaTeX Info: Redefining \bmod on input line 905.
LaTeX Info: Redefining \pmod on input line 910.
LaTeX Info: Redefining \smash on input line 940.
LaTeX Info: Redefining \relbar on input line 970.
LaTeX Info: Redefining \Relbar on input line 971.
\c@MaxMatrixCols=\count305
\dotsspace@=\muskip17
\c@parentequation=\count306
\dspbrk@lvl=\count307
\tag@help=\toks34
\row@=\count308
\column@=\count309
\maxfields@=\count310
\andhelp@=\toks35
\eqnshift@=\dimen199
\alignsep@=\dimen256
\tagshift@=\dimen257
\tagwidth@=\dimen258
\totwidth@=\dimen259
\lineht@=\dimen260
\@envbody=\toks36
\multlinegap=\skip71
\multlinetaggap=\skip72
\mathdisplay@stack=\toks37
LaTeX Info: Redefining \[ on input line 2953.
LaTeX Info: Redefining \] on input line 2954.
) (/Users/cristianroman/Library/TinyTeX/texmf-dist/tex/latex/l3backend/l3backend-pdftex.def
File: l3backend-pdftex.def 2022-08-30 L3 backend support: PDF output (pdfTeX)
\l__color_backend_stack_int=\count311
\l__pdf_internal_box=\box74
) (./phuta_ms.aux)
\openout1 = `phuta_ms.aux'.

LaTeX Font Info:    Checking defaults for OML/cmm/m/it on input line 204.
LaTeX Font Info:    ... okay on input line 204.
LaTeX Font Info:    Checking defaults for OMS/cmsy/m/n on input line 204.
LaTeX Font Info:    ... okay on input line 204.
LaTeX Font Info:    Checking defaults for OT1/cmr/m/n on input line 204.
LaTeX Font Info:    ... okay on input line 204.
LaTeX Font Info:    Checking defaults for T1/cmr/m/n on input line 204.
LaTeX Font Info:    ... okay on input line 204.
LaTeX Font Info:    Checking defaults for TS1/cmr/m/n on input line 204.
LaTeX Font Info:    ... okay on input line 204.
LaTeX Font Info:    Checking defaults for OMX/cmex/m/n on input line 204.
LaTeX Font Info:    ... okay on input line 204.
LaTeX Font Info:    Checking defaults for U/cmr/m/n on input line 204.
LaTeX Font Info:    ... okay on input line 204.
LaTeX Font Info:    Checking defaults for PD1/pdf/m/n on input line 204.
LaTeX Font Info:    ... okay on input line 204.
LaTeX Font Info:    Checking defaults for PU/pdf/m/n on input line 204.
LaTeX Font Info:    ... okay on input line 204.
*geometry* driver: auto-detecting
*geometry* detected driver: pdftex
*geometry* verbose mode - [ preamble ] result:
* driver: pdftex
* paper: <default>
* layout: <same size as paper>
* layoutoffset:(h,v)=(0.0pt,0.0pt)
* modes: 
* h-part:(L,W,R)=(72.26999pt, 469.75502pt, 72.26999pt)
* v-part:(T,H,B)=(72.26999pt, 650.43001pt, 72.26999pt)
* \paperwidth=614.295pt
* \paperheight=794.96999pt
* \textwidth=469.75502pt
* \textheight=650.43001pt
* \oddsidemargin=0.0pt
* \evensidemargin=0.0pt
* \topmargin=-37.0pt
* \headheight=12.0pt
* \headsep=25.0pt
* \topskip=11.0pt
* \footskip=30.0pt
* \marginparwidth=59.0pt
* \marginparsep=10.0pt
* \columnsep=10.0pt
* \skip\footins=10.0pt plus 4.0pt minus 2.0pt
* \hoffset=0.0pt
* \voffset=0.0pt
* \mag=1000
* \@twocolumnfalse
* \@twosidefalse
* \@mparswitchfalse
* \@reversemarginfalse
* (1in=72.27pt=25.4mm, 1cm=28.453pt)

(/Users/cristianroman/Library/TinyTeX/texmf-dist/tex/latex/epstopdf-pkg/epstopdf-base.sty
Package: epstopdf-base 2020-01-24 v2.11 Base part for package epstopdf
(/Users/cristianroman/Library/TinyTeX/texmf-dist/tex/latex/grfext/grfext.sty
Package: grfext 2019/12/03 v1.3 Manage graphics extensions (HO)
)
Package epstopdf-base Info: Redefining graphics rule for `.eps' on input line 485.
Package grfext Info: Graphics extension search list:
(grfext)             [.pdf,.png,.jpg,.mps,.jpeg,.jbig2,.jb2,.PDF,.PNG,.JPG,.JPEG,.JBIG2,.JB2,.eps]
(grfext)             \AppendGraphicsExtensions on input line 504.
(/Users/cristianroman/Library/TinyTeX/texmf-dist/tex/latex/latexconfig/epstopdf-sys.cfg
File: epstopdf-sys.cfg 2010/07/13 v1.3 Configuration of (r)epstopdf for TeX Live
))

Package hyperref Warning: Draft mode on.

Package hyperref Info: Link coloring ON on input line 204.
LaTeX Font Info:    Calculating math sizes for size <18> on input line 215.
LaTeX Font Info:    Trying to load font information for OT1+ppl on input line 215.
(/Users/cristianroman/Library/TinyTeX/texmf-dist/tex/latex/psnfss/ot1ppl.fd
File: ot1ppl.fd 2001/06/04 font definitions for OT1/ppl.
)
LaTeX Font Info:    Trying to load font information for OML+zplm on input line 215.
(/Users/cristianroman/Library/TinyTeX/texmf-dist/tex/latex/psnfss/omlzplm.fd
File: omlzplm.fd 2002/09/08 Fontinst v1.914 font definitions for OML/zplm.
)
LaTeX Font Info:    Trying to load font information for OMS+zplm on input line 215.
(/Users/cristianroman/Library/TinyTeX/texmf-dist/tex/latex/psnfss/omszplm.fd
File: omszplm.fd 2002/09/08 Fontinst v1.914 font definitions for OMS/zplm.
)
LaTeX Font Info:    Trying to load font information for OMX+zplm on input line 215.
(/Users/cristianroman/Library/TinyTeX/texmf-dist/tex/latex/psnfss/omxzplm.fd
File: omxzplm.fd 2002/09/08 Fontinst v1.914 font definitions for OMX/zplm.
)
LaTeX Font Info:    Trying to load font information for OT1+zplm on input line 215.
(/Users/cristianroman/Library/TinyTeX/texmf-dist/tex/latex/psnfss/ot1zplm.fd
File: ot1zplm.fd 2002/09/08 Fontinst v1.914 font definitions for OT1/zplm.
)
LaTeX Font Info:    Font shape `U/msa/m/n' will be
(Font)              scaled to size 18.75613pt on input line 215.
LaTeX Font Info:    Font shape `U/msa/m/n' will be
(Font)              scaled to size 14.25455pt on input line 215.
LaTeX Font Info:    Font shape `U/msa/m/n' will be
(Font)              scaled to size 11.25378pt on input line 215.
LaTeX Font Info:    Font shape `U/msb/m/n' will be
(Font)              scaled to size 18.75613pt on input line 215.
LaTeX Font Info:    Font shape `U/msb/m/n' will be
(Font)              scaled to size 14.25455pt on input line 215.
LaTeX Font Info:    Font shape `U/msb/m/n' will be
(Font)              scaled to size 11.25378pt on input line 215.
LaTeX Font Info:    Trying to load font information for TS1+ppl on input line 215.
(/Users/cristianroman/Library/TinyTeX/texmf-dist/tex/latex/psnfss/ts1ppl.fd
File: ts1ppl.fd 2001/06/04 font definitions for TS1/ppl.
)
LaTeX Font Info:    Font shape `U/msa/m/n' will be
(Font)              scaled to size 9.37807pt on input line 215.
LaTeX Font Info:    Font shape `U/msa/m/n' will be
(Font)              scaled to size 7.29405pt on input line 215.
LaTeX Font Info:    Font shape `U/msa/m/n' will be
(Font)              scaled to size 5.21004pt on input line 215.
LaTeX Font Info:    Font shape `U/msb/m/n' will be
(Font)              scaled to size 9.37807pt on input line 215.
LaTeX Font Info:    Font shape `U/msb/m/n' will be
(Font)              scaled to size 7.29405pt on input line 215.
LaTeX Font Info:    Font shape `U/msb/m/n' will be
(Font)              scaled to size 5.21004pt on input line 215.
LaTeX Font Info:    Trying to load font information for T1+phv on input line 221.
(/Users/cristianroman/Library/TinyTeX/texmf-dist/tex/latex/psnfss/t1phv.fd
File: t1phv.fd 2020/03/25 scalable font definitions for T1/phv.
)
LaTeX Font Info:    Trying to load font information for T1+cmtt on input line 223.
(/Users/cristianroman/Library/TinyTeX/texmf-dist/tex/latex/base/t1cmtt.fd
File: t1cmtt.fd 2019/12/16 v2.5j Standard LaTeX font definitions
) [1

{/Users/cristianroman/Library/TinyTeX/texmf-var/fonts/map/pdftex/updmap/pdftex.map}]
Overfull \hbox (90.92906pt too wide) in paragraph at lines 352--362
[]\T1/ppl/m/n/10.95 Third, users should down-load gene se-quences. Se-quences can be down-load us-ing the \T1/cmtt/m/n/10.95 sq.retrieve.indirect()
 []

[2]
Overfull \hbox (7.60764pt too wide) in paragraph at lines 393--402
\T1/ppl/m/n/10.95 phy-logeny. Note that sam-pling in those phy-lo-ge-nies can be ex-am-ined us-ing \T1/cmtt/m/n/10.95 data(SW.phruta)\T1/ppl/m/n/10.95 .
 []

[3]

Package xcolor Warning: Incompatible color definition on input line 420.


Package xcolor Warning: Incompatible color definition on input line 424.


Package xcolor Warning: Incompatible color definition on input line 424.


Package xcolor Warning: Incompatible color definition on input line 440.


Package xcolor Warning: Incompatible color definition on input line 445.


Package xcolor Warning: Incompatible color definition on input line 445.

[4]
Overfull \hbox (37.83263pt too wide) in paragraph at lines 463--471
[]\T1/ppl/m/n/10.95 We will now as-sem-ble a species-level sum-mary of ac-ces-sion num-bers us-ing the \T1/cmtt/m/n/10.95 acc.table.retrieve()
 []


Package xcolor Warning: Incompatible color definition on input line 472.


Package xcolor Warning: Incompatible color definition on input line 482.


Package xcolor Warning: Incompatible color definition on input line 482.


Overfull \hbox (46.86131pt too wide) in paragraph at lines 484--505
\T1/ppl/m/n/10.95 gnette us-ing \T1/cmtt/m/n/10.95 sq.retrieve.indirect() \T1/ppl/m/n/10.95 in-stead of \T1/cmtt/m/n/10.95 sq.retrieve.direct() \T1/ppl/m/n/10.95 be-cause \T1/cmtt/m/n/10.95 sq.retrieve.indirect()
 []


Overfull \hbox (50.92836pt too wide) in paragraph at lines 484--505
\T1/ppl/m/n/10.95 set of taxa and set of gene re-gions. In short, you should be able to catch er-rors us-ing \T1/cmtt/m/n/10.95 sq.retrieve.indirect()
 []


Overfull \hbox (1.91081pt too wide) in paragraph at lines 506--515
\T1/ppl/m/n/10.95 Note that since we have spec-i-fied \T1/cmtt/m/n/10.95 download.sqs = FALSE \T1/ppl/m/n/10.95 in \T1/cmtt/m/n/10.95 sq.retrieve.indirect\T1/ppl/m/n/10.95 , the se-quences
 []

[5]

Package xcolor Warning: Incompatible color definition on input line 516.


Package xcolor Warning: Incompatible color definition on input line 520.


Package xcolor Warning: Incompatible color definition on input line 520.


Overfull \hbox (54.66998pt too wide) in paragraph at lines 522--538
\T1/ppl/m/n/10.95 for this. We will pro-vide a list of tax-o-nomic names to fil-ter out in-cor-rect se-quences (\T1/cmtt/m/n/10.95 filterTaxonomicCriteria
 []


Package xcolor Warning: Incompatible color definition on input line 539.

LaTeX Font Info:    Trying to load font information for TS1+cmtt on input line 541.
(/Users/cristianroman/Library/TinyTeX/texmf-dist/tex/latex/base/ts1cmtt.fd
File: ts1cmtt.fd 2019/12/16 v2.5j Standard LaTeX font definitions
)

Package xcolor Warning: Incompatible color definition on input line 546.


Package xcolor Warning: Incompatible color definition on input line 546.


Package xcolor Warning: Incompatible color definition on input line 559.

[6]

Package xcolor Warning: Incompatible color definition on input line 563.


Package xcolor Warning: Incompatible color definition on input line 563.

LaTeX Font Info:    Font shape `U/msa/m/n' will be
(Font)              scaled to size 11.40997pt on input line 573.
LaTeX Font Info:    Font shape `U/msa/m/n' will be
(Font)              scaled to size 8.33606pt on input line 573.
LaTeX Font Info:    Font shape `U/msa/m/n' will be
(Font)              scaled to size 6.25204pt on input line 573.
LaTeX Font Info:    Font shape `U/msb/m/n' will be
(Font)              scaled to size 11.40997pt on input line 573.
LaTeX Font Info:    Font shape `U/msb/m/n' will be
(Font)              scaled to size 8.33606pt on input line 573.
LaTeX Font Info:    Font shape `U/msb/m/n' will be
(Font)              scaled to size 6.25204pt on input line 573.

Package xcolor Warning: Incompatible color definition on input line 593.

LaTeX Font Info:    Font shape `T1/cmtt/bx/n' in size <10.95> not available
(Font)              Font shape `T1/cmtt/m/n' tried instead on input line 596.

Package xcolor Warning: Incompatible color definition on input line 604.


Package xcolor Warning: Incompatible color definition on input line 604.

[7]

Package xcolor Warning: Incompatible color definition on input line 625.


Package xcolor Warning: Incompatible color definition on input line 636.


Package xcolor Warning: Incompatible color definition on input line 636.


Overfull \hbox (1012.73817pt too wide) in paragraph at lines 640--640
[]\T1/cmtt/m/n/10.95 ## [1] "raxmlHPC -T 4 -f a -p 1234 -x 1234 -m GTRGAMMA -o Polyplectron_inopinatum,Polyplectron_napoleonis,Polyplectron_chalcurum,Polyplectron_bicalcaratum,Polyplectron_malacense,Polyplectron_germaini,Polyplectron_katsumatae -k   -N 100   -s phruta.phy -n phruta"[] 
 []


Overfull \hbox (1.84218pt too wide) in paragraph at lines 642--647
[]\T1/ppl/m/n/10.95 The trees are saved in \T1/cmtt/m/n/10.95 3.Phylogeny\T1/ppl/m/n/10.95 . Likely, the bi-par-ti-tions tree, ``RAxML_bipartitions.phruta'',
 []


Overfull \hbox (48.93977pt too wide) in paragraph at lines 642--647
\T1/ppl/m/n/10.95 Be-low is the re-sult-ing phy-logeny from these anal-y-ses. The re-sult-ing tree is pre-sented in @ref(fig:raxmlphylo). 
 []


Package xcolor Warning: Incompatible color definition on input line 664.

[8]

Package xcolor Warning: Incompatible color definition on input line 669.


Package xcolor Warning: Incompatible color definition on input line 669.


Package xcolor Warning: Incompatible color definition on input line 678.


Package xcolor Warning: Incompatible color definition on input line 684.


Package xcolor Warning: Incompatible color definition on input line 684.


Package xcolor Warning: Incompatible color definition on input line 707.


Package xcolor Warning: Incompatible color definition on input line 714.


Package xcolor Warning: Incompatible color definition on input line 714.

[9]

Package xcolor Warning: Incompatible color definition on input line 732.


Package xcolor Warning: Incompatible color definition on input line 739.


Package xcolor Warning: Incompatible color definition on input line 739.


Overfull \hbox (23.05013pt too wide) in paragraph at lines 752--764
\T1/cmtt/m/n/10.95 phruta \T1/ppl/m/n/10.95 al-low users to se-lect the de-sired database. The databases fol-low the \T1/cmtt/m/n/10.95 taxize::classification()
 []

[10]

Package xcolor Warning: Incompatible color definition on input line 768.


Package xcolor Warning: Incompatible color definition on input line 775.


Package xcolor Warning: Incompatible color definition on input line 775.


Package xcolor Warning: Incompatible color definition on input line 806.


Package xcolor Warning: Incompatible color definition on input line 816.


Package xcolor Warning: Incompatible color definition on input line 816.

[11]

Package xcolor Warning: Incompatible color definition on input line 828.


Package xcolor Warning: Incompatible color definition on input line 836.


Package xcolor Warning: Incompatible color definition on input line 836.


Package xcolor Warning: Incompatible color definition on input line 851.


Package xcolor Warning: Incompatible color definition on input line 858.


Package xcolor Warning: Incompatible color definition on input line 858.


Package xcolor Warning: Incompatible color definition on input line 877.

[12]

Package xcolor Warning: Incompatible color definition on input line 885.


Package xcolor Warning: Incompatible color definition on input line 885.


Overfull \hbox (1159.85582pt too wide) in paragraph at lines 889--889
[]\T1/cmtt/m/n/10.95 ## [1] "raxmlHPC -T 4 -f a -p 1234 -x 1234 -m GTRGAMMA -o Polyplectron_inopinatum,Polyplectron_napoleonis,Polyplectron_chalcurum,Polyplectron_bicalcaratum,Polyplectron_malacense,Polyplectron_germaini,Polyplectron_katsumatae -k   -q phruta-partitions.txt  -N 100   -s phruta.phy -n phruta"[] 
 []


Package xcolor Warning: Incompatible color definition on input line 900.


Package xcolor Warning: Incompatible color definition on input line 904.


Package xcolor Warning: Incompatible color definition on input line 904.


Overfull \hbox (0.79007pt too wide) in paragraph at lines 920--925
[]\T1/ppl/m/n/10.95 Crowe, T.M., R.C.K. Bowie, P. Bloomer, T.G. Mandi-wana, T.A.J. Hed-der-son, E. Randi, S. Pereira,
 []

[13] [14]
<./figs/Quail.jpg, id=56, 1027.84pt x 681.54625pt>
File: ./figs/Quail.jpg Graphic file (type jpg)
<use ./figs/Quail.jpg>
Package pdftex.def Info: ./figs/Quail.jpg  used on input line 940.
(pdftex.def)             Requested size: 980.97502pt x 650.47073pt.

Overfull \hbox (511.22pt too wide) in paragraph at lines 940--940
[][] 
 []


LaTeX Warning: Float too large for page by 26.72856pt on input line 941.

<./figs/UF.Raw.pdf, id=57, 578.16pt x 578.16pt>
File: ./figs/UF.Raw.pdf Graphic file (type pdf)
<use ./figs/UF.Raw.pdf>
Package pdftex.def Info: ./figs/UF.Raw.pdf  used on input line 947.
(pdftex.def)             Requested size: 469.75385pt x 469.75385pt.
<./figs/UF.Cur.pdf, id=58, 578.16pt x 578.16pt>
File: ./figs/UF.Cur.pdf Graphic file (type pdf)
<use ./figs/UF.Cur.pdf>
Package pdftex.def Info: ./figs/UF.Cur.pdf  used on input line 956.
(pdftex.def)             Requested size: 469.75385pt x 469.75385pt.
<./figs/raxml_ingroup.pdf, id=59, 578.16pt x 578.16pt>
File: ./figs/raxml_ingroup.pdf Graphic file (type pdf)
<use ./figs/raxml_ingroup.pdf>
Package pdftex.def Info: ./figs/raxml_ingroup.pdf  used on input line 965.
(pdftex.def)             Requested size: 469.75385pt x 469.75385pt.
<./figs/phylo_ingroup.pdf, id=60, 578.16pt x 578.16pt>
File: ./figs/phylo_ingroup.pdf Graphic file (type pdf)
<use ./figs/phylo_ingroup.pdf>
Package pdftex.def Info: ./figs/phylo_ingroup.pdf  used on input line 973.
(pdftex.def)             Requested size: 469.75385pt x 469.75385pt.
[15] [16 <./figs/Quail.jpg>] [17 <./figs/UF.Raw.pdf>] [18 <./figs/UF.Cur.pdf>] [19 <./figs/raxml_ingroup.pdf>] [20 <./figs/phylo_ingroup.pdf>]

LaTeX Warning: Float too large for page by 598.69093pt on input line 1183.


LaTeX Warning: `!h' float specifier changed to `!ht'.


Overfull \hbox (271.64694pt too wide) in paragraph at lines 1191--1366
 [][] 
 []


LaTeX Warning: Float too large for page by 585.09093pt on input line 1366.


LaTeX Warning: `!h' float specifier changed to `!ht'.


Overfull \hbox (382.91574pt too wide) in paragraph at lines 1374--1453
 [][] 
 []


LaTeX Warning: `!h' float specifier changed to `!ht'.


Overfull \hbox (820.32256pt too wide) in paragraph at lines 1461--1540
 [][] 
 []


LaTeX Warning: `!h' float specifier changed to `!ht'.


LaTeX Warning: `!h' float specifier changed to `!ht'.

[21] [22] [23] [24] (./phuta_ms.aux) ) 
Here is how much of TeX's memory you used:
 13409 strings out of 477035
 214342 string characters out of 5826891
 654560 words of memory out of 5000000
 34284 multiletter control sequences out of 15000+600000
 512685 words of font info for 127 fonts, out of 8000000 for 9000
 14 hyphenation exceptions out of 8191
 72i,9n,77p,333b,582s stack positions out of 10000i,1000n,20000p,200000b,200000s
 </Users/cristianroman/Library/TinyTeX/texmf-var/fonts/pk/ljfour/jknappen/ec/tctt1095.600pk>{/Users/cristianroman/Library/TinyTeX/texmf-dist/fonts/enc/dvips/base/8r.enc} </Users/cristianroman/Library/TinyTeX/texmf-var/fonts/pk/ljfour/jknappen/ec/ectt1095.600pk> </Users/cristianroman/Library/TinyTeX/texmf-var/fonts/pk/ljfour/jknappen/ec/ecit1095.600pk> </Users/cristianroman/Library/TinyTeX/texmf-var/fonts/pk/ljfour/jknappen/ec/ecit1000.600pk></Users/cristianroman/Library/TinyTeX/texmf-dist/fonts/type1/public/amsfonts/cm/cmsy10.pfb></Users/cristianroman/Library/TinyTeX/texmf-dist/fonts/type1/urw/helvetic/uhvb8a.pfb></Users/cristianroman/Library/TinyTeX/texmf-dist/fonts/type1/urw/palatino/uplb8a.pfb></Users/cristianroman/Library/TinyTeX/texmf-dist/fonts/type1/urw/palatino/uplr8a.pfb></Users/cristianroman/Library/TinyTeX/texmf-dist/fonts/type1/urw/palatino/uplri8a.pfb>
Output written on phuta_ms.pdf (24 pages, 1025481 bytes).
PDF statistics:
 242 PDF objects out of 1000 (max. 8388607)
 105 compressed objects within 2 object streams
 0 named destinations out of 1000 (max. 500000)
 26 words of extra memory for PDF output out of 10000 (max. 10000000)

